index.html:17 Start
index.html:18 Sun May 07 2023 19:20:51 GMT-0700 (Pacific Daylight Time)
index.html:34 24:58
index.html:34 24:57
index.html:34 24:56
index.html:34 24:55
index.html:34 24:54
index.html:34 24:53
index.html:34 24:52
index.html:34 24:51
index.html:34 24:50
index.html:34 24:49
index.html:34 24:48
index.html:34 24:47
index.html:34 24:46
index.html:34 24:45
index.html:34 24:44
index.html:34 24:43
index.html:34 24:42
index.html:34 24:41
index.html:34 24:40
index.html:34 24:39
index.html:34 24:38
index.html:34 24:37
index.html:34 24:36
index.html:34 24:35
index.html:34 24:34
index.html:34 24:33
index.html:34 24:32
index.html:34 24:31
index.html:34 24:30
index.html:34 24:29
index.html:34 24:28
index.html:34 24:27
index.html:34 24:26
index.html:34 24:25
index.html:34 24:24
index.html:34 24:23
index.html:34 24:22
index.html:34 24:21
index.html:34 24:20
index.html:34 24:19
index.html:34 24:18
index.html:34 24:17
index.html:34 24:16
index.html:34 24:15
index.html:34 24:14
index.html:34 24:13
index.html:34 24:12
index.html:34 24:11
index.html:34 24:10
index.html:34 24:9
index.html:34 24:8
index.html:34 24:7
index.html:34 24:6
index.html:34 24:5
index.html:34 24:4
index.html:34 24:3
index.html:34 24:2
index.html:34 24:1
index.html:34 24:0
index.html:34 23:59
index.html:34 23:58
index.html:34 23:57
index.html:34 23:56
index.html:34 23:55
index.html:34 23:54
index.html:34 23:53
index.html:34 23:52
index.html:34 23:51
index.html:34 23:50
index.html:34 23:49
index.html:34 23:48
index.html:34 23:47
index.html:34 23:46
index.html:34 23:45
index.html:34 23:44
index.html:34 23:43
index.html:34 23:42
index.html:34 23:41
index.html:34 23:40
index.html:34 23:39
index.html:34 23:38
index.html:34 23:37
index.html:34 23:36
index.html:34 23:35
index.html:34 23:34
index.html:34 23:33
index.html:34 23:32
index.html:34 23:31
index.html:34 23:30
index.html:34 23:29
index.html:34 23:28
index.html:34 23:27
index.html:34 23:26
index.html:34 23:25
index.html:34 23:24
index.html:34 23:23
index.html:34 23:22
index.html:34 23:21
index.html:34 23:20
index.html:34 23:19
index.html:34 23:18
index.html:34 23:17
index.html:34 23:16
index.html:34 23:15
index.html:34 23:14
index.html:34 23:13
index.html:34 23:12
index.html:34 23:11
index.html:34 23:10
index.html:34 23:9
index.html:34 23:8
index.html:34 23:7
index.html:34 23:6
index.html:34 23:5
index.html:34 23:4
index.html:34 23:3
index.html:34 23:2
index.html:34 23:1
index.html:34 23:0
index.html:34 22:59
index.html:34 22:58
index.html:34 22:57
index.html:34 22:56
index.html:34 22:55
index.html:34 22:54
index.html:34 22:53
index.html:34 22:52
index.html:34 22:51
index.html:34 22:50
index.html:34 22:49
index.html:34 22:48
index.html:34 22:47
index.html:34 22:46
index.html:34 22:45
index.html:34 22:44
index.html:34 22:43
index.html:34 22:42
index.html:34 22:41
index.html:34 22:40
index.html:34 22:39
index.html:34 22:38
index.html:34 22:37
index.html:34 22:36
index.html:34 22:35
index.html:34 22:34
index.html:34 22:33
index.html:34 22:32
index.html:34 22:31
index.html:34 22:30
index.html:34 22:29
index.html:34 22:28
index.html:34 22:27
index.html:34 22:26
index.html:34 22:25
index.html:34 22:24
index.html:34 22:23
index.html:34 22:22
index.html:34 22:21
index.html:34 22:20
index.html:34 22:19
index.html:34 22:18
index.html:34 22:17
index.html:34 22:16
index.html:34 22:15
index.html:34 22:14
index.html:34 22:13
index.html:34 22:12
index.html:34 22:11
index.html:34 22:10
index.html:34 22:9
index.html:34 22:8
index.html:34 22:7
index.html:34 22:6
index.html:34 22:5
index.html:34 22:4
index.html:34 22:3
index.html:34 22:2
index.html:34 22:1
index.html:34 22:0
index.html:34 21:59
index.html:34 21:58
index.html:34 21:57
index.html:34 21:56
index.html:34 21:55
index.html:34 21:54
index.html:34 21:53
index.html:34 21:52
index.html:34 21:51
index.html:34 21:50
index.html:34 21:49
index.html:34 21:48
index.html:34 21:47
index.html:34 21:46
index.html:34 21:45
index.html:34 21:44
index.html:34 21:43
index.html:34 21:42
index.html:34 21:41
index.html:34 21:40
index.html:34 21:39
index.html:34 21:38
index.html:34 21:37
index.html:34 21:36
index.html:34 21:35
index.html:34 21:34
index.html:34 21:33
index.html:34 21:32
index.html:34 21:31
index.html:34 21:30
index.html:34 21:29
index.html:34 21:28
index.html:34 21:27
index.html:34 21:26
index.html:34 21:25
index.html:34 21:24
index.html:34 21:23
index.html:34 21:22
index.html:34 21:21
index.html:34 21:20
index.html:34 21:19
index.html:34 21:18
index.html:34 21:17
index.html:34 21:16
index.html:34 21:15
index.html:34 21:14
index.html:34 21:13
index.html:34 21:12
index.html:34 21:11
index.html:34 21:10
index.html:34 21:9
index.html:34 21:8
index.html:34 21:7
index.html:34 21:6
index.html:34 21:5
index.html:34 21:4
index.html:34 21:3
index.html:34 21:2
index.html:34 21:1
index.html:34 21:0
index.html:34 20:59
index.html:34 20:58
index.html:34 20:57
index.html:34 20:56
index.html:34 20:55
index.html:34 20:54
index.html:34 20:53
index.html:34 20:52
index.html:34 20:51
index.html:34 20:50
index.html:34 20:49
index.html:34 20:48
index.html:34 20:47
index.html:34 20:46
index.html:34 20:45
index.html:34 20:44
index.html:34 20:43
index.html:34 20:42
index.html:34 20:41
index.html:34 20:40
index.html:34 20:39
index.html:34 20:38
index.html:34 20:37
index.html:34 20:36
index.html:34 20:35
index.html:34 20:34
index.html:34 20:33
index.html:34 20:32
index.html:34 20:31
index.html:34 20:30
index.html:34 20:29
index.html:34 20:28
index.html:34 20:27
index.html:34 20:26
index.html:34 20:25
index.html:34 20:24
index.html:34 20:23
index.html:34 20:22
index.html:34 20:21
index.html:34 20:20
index.html:34 20:19
index.html:34 20:18
index.html:34 20:17
index.html:34 20:16
index.html:34 20:15
index.html:34 20:14
index.html:34 20:13
index.html:34 20:12
index.html:34 20:11
index.html:34 20:10
index.html:34 20:9
index.html:34 20:8
index.html:34 20:7
index.html:34 20:6
index.html:34 20:5
index.html:34 20:4
index.html:34 20:3
index.html:34 20:2
index.html:34 20:1
index.html:34 20:0
index.html:34 19:59
index.html:34 19:58
index.html:34 19:57
index.html:34 19:56
index.html:34 19:55
index.html:34 19:54
index.html:34 19:53
index.html:34 19:52
index.html:34 19:51
index.html:34 19:50
index.html:34 19:49
index.html:34 19:48
index.html:34 19:47
index.html:34 19:46
index.html:34 19:45
index.html:34 19:44
index.html:34 19:43
index.html:34 19:42
index.html:34 19:41
index.html:34 19:40
index.html:34 19:39
index.html:34 19:38
index.html:34 19:37
index.html:34 19:36
index.html:34 19:35
index.html:34 19:34
index.html:34 19:33
index.html:34 19:32
index.html:34 19:31
index.html:34 19:30
index.html:34 19:29
index.html:34 19:28
index.html:34 19:27
index.html:34 19:26
index.html:34 19:25
index.html:34 19:24
index.html:34 19:23
index.html:34 19:22
index.html:34 19:21
index.html:34 19:20
index.html:34 19:19
index.html:34 19:18
index.html:34 19:17
index.html:34 19:16
index.html:34 19:15
index.html:34 19:14
index.html:34 19:13
index.html:34 19:12
index.html:34 19:11
index.html:34 19:10
index.html:34 19:9
index.html:34 19:8
index.html:34 19:7
index.html:34 19:6
index.html:34 19:5
index.html:34 19:4
index.html:34 19:3
index.html:34 19:2
index.html:34 19:1
index.html:34 19:0
index.html:34 18:59
index.html:34 18:58
index.html:34 18:57
index.html:34 18:56
index.html:34 18:55
index.html:34 18:54
index.html:34 18:53
index.html:34 18:52
index.html:34 18:51
index.html:34 18:50
index.html:34 18:49
index.html:34 18:48
index.html:34 18:47
index.html:34 18:46
index.html:34 18:45
index.html:34 18:44
index.html:34 18:43
index.html:34 18:42
index.html:34 18:41
index.html:34 18:40
index.html:34 18:39
index.html:34 18:38
index.html:34 18:37
index.html:34 18:36
index.html:34 18:35
index.html:34 18:34
index.html:34 18:33
index.html:34 18:32
index.html:34 18:31
index.html:34 18:30
index.html:34 18:29
index.html:34 18:28
index.html:34 18:27
index.html:34 18:26
index.html:34 18:25
index.html:34 18:24
index.html:34 18:23
index.html:34 18:22
index.html:34 18:21
index.html:34 18:20
index.html:34 18:19
index.html:34 18:18
index.html:34 18:17
index.html:34 18:16
index.html:34 18:15
index.html:34 18:14
index.html:34 18:13
index.html:34 18:12
index.html:34 18:11
index.html:34 18:10
index.html:34 18:9
index.html:34 18:8
index.html:34 18:7
index.html:34 18:6
index.html:34 18:5
index.html:34 18:4
index.html:34 18:3
index.html:34 18:2
index.html:34 18:1
index.html:34 18:0
index.html:34 17:59
index.html:34 17:58
index.html:34 17:57
index.html:34 17:56
index.html:34 17:55
index.html:34 17:54
index.html:34 17:53
index.html:34 17:52
index.html:34 17:51
index.html:34 17:50
index.html:34 17:49
index.html:34 17:48
index.html:34 17:47
index.html:34 17:46
index.html:34 17:45
index.html:34 17:44
index.html:34 17:43
index.html:34 17:42
index.html:34 17:41
index.html:34 17:40
index.html:34 17:39
index.html:34 17:38
index.html:34 17:37
index.html:34 17:36
index.html:34 17:35
index.html:34 17:34
index.html:34 17:33
index.html:34 17:32
index.html:34 17:31
index.html:34 17:30
index.html:34 17:29
index.html:34 17:28
index.html:34 17:27
index.html:34 17:26
index.html:34 17:25
index.html:34 17:24
index.html:34 17:23
index.html:34 17:22
index.html:34 17:21
index.html:34 17:20
index.html:34 17:19
index.html:34 17:18
index.html:34 17:17
index.html:34 17:16
index.html:34 17:15
index.html:34 17:14
index.html:34 17:13
index.html:34 17:12
index.html:34 17:11
index.html:34 17:10
index.html:34 17:9
index.html:34 17:8
index.html:34 17:7
index.html:34 17:6
index.html:34 17:5
index.html:34 17:4
index.html:34 17:3
index.html:34 17:2
index.html:34 17:1
index.html:34 17:0
index.html:34 16:59
index.html:34 16:58
index.html:34 16:57
index.html:34 16:56
index.html:34 16:55
index.html:34 16:54
index.html:34 16:53
index.html:34 16:52
index.html:34 16:51
index.html:34 16:50
index.html:34 16:49
index.html:34 16:48
index.html:34 16:47
index.html:34 16:46
index.html:34 16:45
index.html:34 16:44
index.html:34 16:43
index.html:34 16:42
index.html:34 16:41
index.html:34 16:40
index.html:34 16:39
index.html:34 16:38
index.html:34 16:37
index.html:34 16:36
index.html:34 16:35
index.html:34 16:34
index.html:34 16:33
index.html:34 16:32
index.html:34 16:31
index.html:34 16:30
index.html:34 16:29
index.html:34 16:28
index.html:34 16:27
index.html:34 16:26
index.html:34 16:25
index.html:34 16:24
index.html:34 16:23
index.html:34 16:22
index.html:34 16:21
index.html:34 16:20
index.html:34 16:19
index.html:34 16:18
index.html:34 16:17
index.html:34 16:16
index.html:34 16:15
index.html:34 16:14
index.html:34 16:13
index.html:34 16:12
index.html:34 16:11
index.html:34 16:10
index.html:34 16:9
index.html:34 16:8
index.html:34 16:7
index.html:34 16:6
index.html:34 16:5
index.html:34 16:4
index.html:34 16:3
index.html:34 16:2
index.html:34 16:1
index.html:34 16:0
index.html:34 15:59
index.html:34 15:58
index.html:34 15:57
index.html:34 15:56
index.html:34 15:55
index.html:34 15:54
index.html:34 15:53
index.html:34 15:52
index.html:34 15:51
index.html:34 15:50
index.html:34 15:49
index.html:34 15:48
index.html:34 15:47
index.html:34 15:46
index.html:34 15:45
index.html:34 15:44
index.html:34 15:43
index.html:34 15:42
index.html:34 15:41
index.html:34 15:40
index.html:34 15:39
index.html:34 15:38
index.html:34 15:37
index.html:34 15:36
index.html:34 15:35
index.html:34 15:34
index.html:34 15:33
index.html:34 15:32
index.html:34 15:31
index.html:34 15:30
index.html:34 15:29
index.html:34 15:28
index.html:34 15:27
index.html:34 15:26
index.html:34 15:25
index.html:34 15:24
index.html:34 15:23
index.html:34 15:22
index.html:34 15:21
index.html:34 15:20
index.html:34 15:19
index.html:34 15:18
index.html:34 15:17
index.html:34 15:16
index.html:34 15:15
index.html:34 15:14
index.html:34 15:13
index.html:34 15:12
index.html:34 15:11
index.html:34 15:10
index.html:34 15:9
index.html:34 15:8
index.html:34 15:7
index.html:34 15:6
index.html:34 15:5
index.html:34 15:4
index.html:34 15:3
index.html:34 15:2
index.html:34 15:1
index.html:34 15:0
index.html:34 14:59
index.html:34 14:58
index.html:34 14:57
index.html:34 14:56
index.html:34 14:55
index.html:34 14:54
index.html:34 14:53
index.html:34 14:52
index.html:34 14:51
index.html:34 14:50
index.html:34 14:49
index.html:34 14:48
index.html:34 14:47
index.html:34 14:46
index.html:34 14:45
index.html:34 14:44
index.html:34 14:43
index.html:34 14:42
index.html:34 14:41
index.html:34 14:40
index.html:34 14:39
index.html:34 14:38
index.html:34 14:37
index.html:34 14:36
index.html:34 14:35
index.html:34 14:34
index.html:34 14:33
index.html:34 14:32
index.html:34 14:31
index.html:34 14:30
index.html:34 14:29
index.html:34 14:28
index.html:34 14:27
index.html:34 14:26
index.html:34 14:25
index.html:34 14:24
index.html:34 14:23
index.html:34 14:22
index.html:34 14:21
index.html:34 14:20
index.html:34 14:19
index.html:34 14:18
index.html:34 14:17
index.html:34 14:16
index.html:34 14:15
index.html:34 14:14
index.html:34 14:13
index.html:34 14:12
index.html:34 14:11
index.html:34 14:10
index.html:34 14:9
index.html:34 14:8
index.html:34 14:7
index.html:34 14:6
index.html:34 14:5
index.html:34 14:4
index.html:34 14:3
index.html:34 14:2
index.html:34 14:1
index.html:34 14:0
index.html:34 13:59
index.html:34 13:58
index.html:34 13:57
index.html:34 13:56
index.html:34 13:55
index.html:34 13:54
index.html:34 13:53
index.html:34 13:52
index.html:34 13:51
index.html:34 13:50
index.html:34 13:49
index.html:34 13:48
index.html:34 13:47
index.html:34 13:46
index.html:34 13:45
index.html:34 13:44
index.html:34 13:43
index.html:34 13:42
index.html:34 13:41
index.html:34 13:40
index.html:34 13:39
index.html:34 13:38
index.html:34 13:37
index.html:34 13:36
index.html:34 13:35
index.html:34 13:34
index.html:34 13:33
index.html:34 13:32
index.html:34 13:31
index.html:34 13:30
index.html:34 13:29
index.html:34 13:28
index.html:34 13:27
index.html:34 13:26
index.html:34 13:25
index.html:34 13:24
index.html:34 13:23
index.html:34 13:22
index.html:34 13:21
index.html:34 13:20
index.html:34 13:19
index.html:34 13:18
index.html:34 13:17
index.html:34 13:16
index.html:34 13:15
index.html:34 13:14
index.html:34 13:13
index.html:34 13:12
index.html:34 13:11
index.html:34 13:10
index.html:34 13:9
index.html:34 13:8
index.html:34 13:7
index.html:34 13:6
index.html:34 13:5
index.html:34 13:4
index.html:34 13:3
index.html:34 13:2
index.html:34 13:1
index.html:34 13:0
index.html:34 12:59
index.html:34 12:58
index.html:34 12:57
index.html:34 12:56
index.html:34 12:55
index.html:34 12:54
index.html:34 12:53
index.html:34 12:52
index.html:34 12:51
index.html:34 12:50
index.html:34 12:49
index.html:34 12:48
index.html:34 12:47
index.html:34 12:46
index.html:34 12:45
index.html:34 12:44
index.html:34 12:43
index.html:34 12:42
index.html:34 12:41
index.html:34 12:40
index.html:34 12:39
index.html:34 12:38
index.html:34 12:37
index.html:34 12:36
index.html:34 12:35
index.html:34 12:34
index.html:34 12:33
index.html:34 12:32
index.html:34 12:31
index.html:34 12:30
index.html:34 12:29
index.html:34 12:28
index.html:34 12:27
index.html:34 12:26
index.html:34 12:25
index.html:34 12:24
index.html:34 12:23
index.html:34 12:22
index.html:34 12:21
index.html:34 12:20
index.html:34 12:19
index.html:34 12:18
index.html:34 12:17
index.html:34 12:16
index.html:34 12:15
index.html:34 12:14
index.html:34 12:13
index.html:34 12:12
index.html:34 12:11
index.html:34 12:10
index.html:34 12:9
index.html:34 12:8
index.html:34 12:7
index.html:34 12:6
index.html:34 12:5
index.html:34 12:4
index.html:34 12:3
index.html:34 12:2
index.html:34 12:1
index.html:34 12:0
index.html:34 11:59
index.html:34 11:58
index.html:34 11:57
index.html:34 11:56
index.html:34 11:55
index.html:34 11:54
index.html:34 11:53
index.html:34 11:52
index.html:34 11:51
index.html:34 11:50
index.html:34 11:49
index.html:34 11:48
index.html:34 11:47
index.html:34 11:46
index.html:34 11:45
index.html:34 11:44
index.html:34 11:43
index.html:34 11:42
index.html:34 11:41
index.html:34 11:40
index.html:34 11:39
index.html:34 11:38
index.html:34 11:37
index.html:34 11:36
index.html:34 11:35
index.html:34 11:34
index.html:34 11:33
index.html:34 11:32
index.html:34 11:31
index.html:34 11:30
index.html:34 11:29
index.html:34 11:28
index.html:34 11:27
index.html:34 11:26
index.html:34 11:25
index.html:34 11:24
index.html:34 11:23
index.html:34 11:22
index.html:34 11:21
index.html:34 11:20
index.html:34 11:19
index.html:34 11:18
index.html:34 11:17
index.html:34 11:16
index.html:34 11:15
index.html:34 11:14
index.html:34 11:13
index.html:34 11:12
index.html:34 11:11
index.html:34 11:10
index.html:34 11:9
index.html:34 11:8
index.html:34 11:7
index.html:34 11:6
index.html:34 11:5
index.html:34 11:4
index.html:34 11:3
index.html:34 11:2
index.html:34 11:1
index.html:34 11:0
index.html:34 10:59
index.html:34 10:58
index.html:34 10:57
index.html:34 10:56
index.html:34 10:55
index.html:34 10:54
index.html:34 10:53
index.html:34 10:52
index.html:34 10:51
index.html:34 10:50
index.html:34 10:49
index.html:34 10:48
index.html:34 10:47
index.html:34 10:46
index.html:34 10:45
index.html:34 10:44
index.html:34 10:43
index.html:34 10:42
index.html:34 10:41
index.html:34 10:40
index.html:34 10:39
index.html:34 10:38
index.html:34 10:37
index.html:34 10:36
index.html:34 10:35
index.html:34 10:34
index.html:34 10:33
index.html:34 10:32
index.html:34 10:31
index.html:34 10:30
index.html:34 10:29
index.html:34 10:28
index.html:34 10:27
index.html:34 10:26
index.html:34 10:25
index.html:34 10:24
index.html:34 10:23
index.html:34 10:22
index.html:34 10:21
index.html:34 10:20
index.html:34 10:19
index.html:34 10:18
index.html:34 10:17
index.html:34 10:16
index.html:34 10:15
index.html:34 10:14
index.html:34 10:13
index.html:34 10:12
index.html:34 10:11
index.html:34 10:10
index.html:34 10:9
index.html:34 10:8
index.html:34 10:7
index.html:34 10:6
index.html:34 10:5
index.html:34 10:4
index.html:34 10:3
index.html:34 10:2
index.html:34 10:1
index.html:34 10:0
index.html:34 9:59
index.html:34 9:58
index.html:34 9:57
index.html:34 9:56
index.html:34 9:55
index.html:34 9:54
index.html:34 9:53
index.html:34 9:52
index.html:34 9:51
index.html:34 9:50
index.html:34 9:49
index.html:34 9:48
index.html:34 9:47
index.html:34 9:46
index.html:34 9:45
index.html:34 9:44
index.html:34 9:43
index.html:34 9:42
index.html:34 9:41
index.html:34 9:40
index.html:34 9:39
index.html:34 9:38
index.html:34 9:37
index.html:34 9:36
index.html:34 9:35
index.html:34 9:34
index.html:34 9:33
index.html:34 9:32
index.html:34 9:31
index.html:34 9:30
index.html:34 9:29
index.html:34 9:28
index.html:34 9:27
index.html:34 9:26
index.html:34 9:25
index.html:34 9:24
index.html:34 9:23
index.html:34 9:22
index.html:34 9:21
index.html:34 9:20
index.html:34 9:19
index.html:34 9:18
index.html:34 9:17
index.html:34 9:16
index.html:34 9:15
index.html:34 9:14
index.html:34 9:13
index.html:34 9:12
index.html:34 9:11
index.html:34 9:10
index.html:34 9:9
index.html:34 9:8
index.html:34 9:7
index.html:34 9:6
index.html:34 9:5
index.html:34 9:4
index.html:34 9:3
index.html:34 9:2
index.html:34 9:1
index.html:34 9:0
index.html:34 8:59
index.html:34 8:58
index.html:34 8:57
index.html:34 8:56
index.html:34 8:55
index.html:34 8:54
index.html:34 8:53
index.html:34 8:52
index.html:34 8:51
index.html:34 8:50
index.html:34 8:49
index.html:34 8:48
index.html:34 8:47
index.html:34 8:46
index.html:34 8:45
index.html:34 8:44
index.html:34 8:43
index.html:34 8:42
index.html:34 8:41
index.html:34 8:40
index.html:34 8:39
index.html:34 8:38
index.html:34 8:37
index.html:34 8:36
index.html:34 8:35
index.html:34 8:34
index.html:34 8:33
index.html:34 8:32
index.html:34 8:31
index.html:34 8:30
index.html:34 8:29
index.html:34 8:28
index.html:34 8:27
index.html:34 8:26
index.html:34 8:25
index.html:34 8:24
index.html:34 8:23
index.html:34 8:22
index.html:34 8:21
index.html:34 8:20
index.html:34 8:19
index.html:34 8:18
index.html:34 8:17
index.html:34 8:16
index.html:34 8:15
index.html:34 8:14
index.html:34 8:13
index.html:34 8:12
index.html:34 8:11
index.html:34 8:10
index.html:34 8:9
index.html:34 8:8
index.html:34 8:7
index.html:34 8:6
index.html:34 8:5
index.html:34 8:4
index.html:34 8:3
index.html:34 8:2
index.html:34 8:1
index.html:34 8:0
index.html:34 7:59
index.html:34 7:58
index.html:34 7:57
index.html:34 7:56
index.html:34 7:55
index.html:34 7:54
index.html:34 7:53
index.html:34 7:52
index.html:34 7:51
index.html:34 7:50
index.html:34 7:49
index.html:34 7:48
index.html:34 7:47
index.html:34 7:46
index.html:34 7:45
index.html:34 7:44
index.html:34 7:43
index.html:34 7:42
index.html:34 7:41
index.html:34 7:40
index.html:34 7:39
index.html:34 7:38
index.html:34 7:37
index.html:34 7:36
index.html:34 7:35
index.html:34 7:34
index.html:34 7:33
index.html:34 7:32
index.html:34 7:31
index.html:34 7:30
index.html:34 7:29
index.html:34 7:28
index.html:34 7:27
index.html:34 7:26
index.html:34 7:25
index.html:34 7:24
index.html:34 7:23
index.html:34 7:22
index.html:34 7:21
index.html:34 7:20
index.html:34 7:19
index.html:34 7:18
index.html:34 7:17
index.html:34 7:16
index.html:34 7:15
index.html:34 7:14
index.html:34 7:13
index.html:34 7:12
index.html:34 7:11
index.html:34 7:10
index.html:34 7:9
index.html:34 7:8
index.html:34 7:7
index.html:34 7:6
index.html:34 7:5
index.html:34 7:4
index.html:34 7:3
index.html:34 7:2
index.html:34 7:1
index.html:34 7:0
index.html:34 6:59
index.html:34 6:58
index.html:34 6:57
index.html:34 6:56
index.html:34 6:55
index.html:34 6:54
index.html:34 6:53
index.html:34 6:52
index.html:34 6:51
index.html:34 6:50
index.html:34 6:49
index.html:34 6:48
index.html:34 6:47
index.html:34 6:46
index.html:34 6:45
index.html:34 6:44
index.html:34 6:43
index.html:34 6:42
index.html:34 6:41
index.html:34 6:40
index.html:34 6:39
index.html:34 6:38
index.html:34 6:37
index.html:34 6:36
index.html:34 6:35
index.html:34 6:34
index.html:34 6:33
index.html:34 6:32
index.html:34 6:31
index.html:34 6:30
index.html:34 6:29
index.html:34 6:28
index.html:34 6:27
index.html:34 6:26
index.html:34 6:25
index.html:34 6:24
index.html:34 6:23
index.html:34 6:22
index.html:34 6:21
index.html:34 6:20
index.html:34 6:19
index.html:34 6:18
index.html:34 6:17
index.html:34 6:16
index.html:34 6:15
index.html:34 6:14
index.html:34 6:13
index.html:34 6:12
index.html:34 6:11
index.html:34 6:10
index.html:34 6:9
index.html:34 6:8
index.html:34 6:7
index.html:34 6:6
index.html:34 6:5
index.html:34 6:4
index.html:34 6:3
index.html:34 6:2
index.html:34 6:1
index.html:34 6:0
index.html:34 5:59
index.html:34 5:58
index.html:34 5:57
index.html:34 5:56
index.html:34 5:55
index.html:34 5:54
index.html:34 5:53
index.html:34 5:52
index.html:34 5:51
index.html:34 5:50
index.html:34 5:49
index.html:34 5:48
index.html:34 5:47
index.html:34 5:46
index.html:34 5:45
index.html:34 5:44
index.html:34 5:43
index.html:34 5:42
index.html:34 5:41
index.html:34 5:40
index.html:34 5:39
index.html:34 5:38
index.html:34 5:37
index.html:34 5:36
index.html:34 5:35
index.html:34 5:34
index.html:34 5:33
index.html:34 5:32
index.html:34 5:31
index.html:34 5:30
index.html:34 5:29
index.html:34 5:28
index.html:34 5:27
index.html:34 5:26
index.html:34 5:25
index.html:34 5:24
index.html:34 5:23
index.html:34 5:22
index.html:34 5:21
index.html:34 5:20
index.html:34 5:19
index.html:34 5:18
index.html:34 5:17
index.html:34 5:16
index.html:34 5:15
index.html:34 5:14
index.html:34 5:13
index.html:34 5:12
index.html:34 5:11
index.html:34 5:10
index.html:34 5:9
index.html:34 5:8
index.html:34 5:7
index.html:34 5:6
index.html:34 5:5
index.html:34 5:4
index.html:34 5:3
index.html:34 5:2
index.html:34 5:1
index.html:34 5:0
index.html:34 4:59
index.html:34 4:58
index.html:34 4:57
index.html:34 4:56
index.html:34 4:55
index.html:34 4:54
index.html:34 4:53
index.html:34 4:52
index.html:34 4:51
index.html:34 4:50
index.html:34 4:49
index.html:34 4:48
index.html:34 4:47
index.html:34 4:46
index.html:34 4:45
index.html:34 4:44
index.html:34 4:43
index.html:34 4:42
index.html:34 4:41
index.html:34 4:40
index.html:34 4:39
index.html:34 4:38
index.html:34 4:37
index.html:34 4:36
index.html:34 4:35
index.html:34 4:34
index.html:34 4:33
index.html:34 4:32
index.html:34 4:31
index.html:34 4:30
index.html:34 4:29
index.html:34 4:28
index.html:34 4:27
index.html:34 4:26
index.html:34 4:25
index.html:34 4:24
index.html:34 4:23
index.html:34 4:22
index.html:34 4:21
index.html:34 4:20
index.html:34 4:19
index.html:34 4:18
index.html:34 4:17
index.html:34 4:16
index.html:34 4:15
index.html:34 4:14
index.html:34 4:13
index.html:34 4:12
index.html:34 4:11
index.html:34 4:10
index.html:34 4:9
index.html:34 4:8
index.html:34 4:7
index.html:34 4:6
index.html:34 4:5
index.html:34 4:4
index.html:34 4:3
index.html:34 4:2
index.html:34 4:1
index.html:34 4:0
index.html:34 3:59
index.html:34 3:58
index.html:34 3:57
index.html:34 3:56
index.html:34 3:55
index.html:34 3:54
index.html:34 3:53
index.html:34 3:52
index.html:34 3:51
index.html:34 3:50
index.html:34 3:49
index.html:34 3:48
index.html:34 3:47
index.html:34 3:46
index.html:34 3:45
index.html:34 3:44
index.html:34 3:43
index.html:34 2:46
index.html:34 1:46
index.html:34 0:46
index.html:34 -1:46
index.html:34 -2:46
index.html:34 -3:46
index.html:34 -4:46
index.html:34 -5:46
index.html:34 -6:46
index.html:34 -7:46
index.html:34 -8:46
index.html:34 -9:46
index.html:34 -10:46
index.html:34 -10:12
index.html:34 -10:11
index.html:34 -10:10
index.html:34 -10:9
index.html:34 -10:8
index.html:34 -10:7
index.html:34 -10:6
index.html:34 -10:5
 -10:4
 -10:3
 -10:2
 -10:1
 -10:0
 -11:59
 -11:58
 -11:57
 -11:56
 -11:55
 -11:54
 -11:53
 -11:52
 -11:51
 -11:50
 -11:49
 -11:48
 -11:47
 -11:46
 -11:45
 -11:44
 -11:43
 -11:42
